TRACE_MODELER_FILE_FORMAT 1

# Created with Trace Modeler v0.9.85

ENCODING UTF-8
TIMESTAMP 2007/10/10 19:29:20:515

# diagram style
SHOW_FLOW true
FLOW_COLOR 436207871
SHOW_EMPTY_RETURNS false
ACTIVATION_WIDTH large
TARGET_ICON_SIZE large
LIFELINE_SPACING 125
MESSAGE_SPACING 20
FOUND_CALL_LENGTH 70
CALL_ALIGNMENT sender
RETURN_ALIGNMENT receiver
LAYOUT_LEFT_TO_RIGHT true
FONT font0 "SansSerif" 11
FONT_COMMENTS font0
FONT_TARGETS font0
FONT_REGULAR font0

# targets
ACTOR target0 "Web User"
OBJECT target1 "UnitOfWorkApplication"
OBJECT target2 "UnitOfWork"
OBJECT target3 "ISession"
OBJECT target4 "IUnitOfWork"
OBJECT target5 "IHttpHandler" DESTROY_AFTER_LAST_CALL

# trace
CALL target0 ""
   CALL target1 "Page Request"
      CALL target1 "PreRequestHandlerExecute"
         CALL target2 "Start"
            CONSTRUCT target3 "OpenSession"
            RETURN "ISession"
            CONSTRUCT target4 "New(ISession)"
            RETURN ""
            CALL target2 "set_Current(IUnitOfWork)"
            RETURN ""
         RETURN ""
      RETURN ""
      CONSTRUCT target5 "ProcessRequest"
         CALL target5 "DoStuff"
         RETURN ""
      RETURN "Response"
      CALL target1 "PostRequestHandlerExecute"
         CALL target2 "InLongConversation"
         RETURN "false"
         CALL target2 "get_Current"
         RETURN "IUnitOfWork"
         DESTRUCT target4 "Dispose"
            DESTRUCT target3 "Dispose"
            RETURN ""
         RETURN ""
      RETURN ""
   RETURN "Html"
RETURN ""

# comments
COMMENT 580.7142857142857 -2.0 "This is very much simplified view\nof how the NHibernate session (ISession) is\nopened and a IUnitOfWork newed up. In\nactual fact a IUnitOfWorkFactory (not shown)\ndoes this work"
   UNBOUND_LINK 395.8928571428572 99.00000000000001 
   UNBOUND_LINK 488.74999999999994 149.00000000000003 
COMMENT 185.1785714285714 -65.0 "Open-session-in-view "
